<?xml version="1.0" encoding="UTF-8"?>
<!-- Generated by org.testng.reporters.JUnitXMLReporter -->
<testsuite ignored="0" hostname="DESKTOP-J77L1O0" failures="0" tests="18" name="Test" time="825.84" errors="0" timestamp="2023-03-09T00:25:40 IST">
  <testcase classname="com.Test.Art_and_Photography_Test" name="Architecture_Post" time="15.419"/>
  <testcase classname="com.Test.Art_and_Photography_Test" name="Art_Forms_Post" time="12.648"/>
  <testcase classname="com.Test.Art_and_Photography_Test" name="Art_treatments_and_subjects_Post" time="127.882"/>
  <testcase classname="com.Test.Art_and_Photography_Test" name="DanceAndOther_performingArts_Post" time="130.275"/>
  <testcase classname="com.Test.BookSwagan_HomePageTest" name="BookSwagan_Home_Post" time="11.352"/>
  <testcase classname="com.Test.Biographies_and_MemoirsPageTest" name="Biography_generalPost" time="95.638"/>
  <testcase classname="com.Test.Biographies_and_MemoirsPageTest" name="Diaries_lettersAndjournals_Post" time="7.298"/>
  <testcase classname="com.Test.Biographies_and_MemoirsPageTest" name="Memoirs_Post" time="6.701"/>
  <testcase classname="com.Test.Biographies_and_MemoirsPageTest" name="TrueStories_Post" time="9.291"/>
  <testcase classname="com.Test.LoginPageTest" name="validLoginPagewithConfigDataTest" time="2.844"/>
  <testcase classname="com.Test.Literature_and_literary_StudiesPageTest" name="History_and_Criticism_Post" time="7.418"/>
  <testcase classname="com.Test.Literature_and_literary_StudiesPageTest" name="Literature_and_literary_Studies_Post" time="15.058"/>
  <testcase classname="com.Test.Literature_and_literary_StudiesPageTest" name="Plays_Playscripts_Post" time="6.83"/>
  <testcase classname="com.Test.Literature_and_literary_StudiesPageTest" name="Poetry_Post" time="6.679"/>
  <testcase classname="com.Test.Literature_and_literary_StudiesPageTest" name="ProseNon_Fricton_Post" time="7.689"/>
  <testcase classname="com.Test.New_Arrivals_Test" name="New_Arrivals_Post" time="19.411"/>
  <testcase classname="com.Test.Dictionaries_and_languagesPageTest" name="Dictionaries_and_languages_Post" time="5.601"/>
  <testcase classname="com.Test.Dictionaries_and_languagesPageTest" name="Linguistics_Post" time="6.716"/>
</testsuite> <!-- Test -->
