<?xml version="1.0" encoding="UTF-8"?>
<!-- Generated by org.testng.reporters.JUnitXMLReporter -->
<testsuite ignored="0" hostname="DESKTOP-J77L1O0" failures="1" tests="10" name="Test" time="180.925" errors="0" timestamp="2022-10-03T21:39:31 IST">
  <testcase classname="Test.TestAnnotations" name="test2" time="0.007"/>
  <testcase classname="Test.TestAnnotations" name="test3" time="0.002"/>
  <testcase classname="Test.TestAnnotations" name="test3" time="0.003"/>
  <testcase classname="Test.TestAnnotations" name="test" time="0.002"/>
  <testcase classname="Test.WatchVideoTest" name="WatchPost" time="68.365"/>
  <testcase classname="Test.FindFriendTest" name="FriendFindPost" time="8.338"/>
  <testcase classname="Test.LoginPageTest" name="validLoginPagewithConfigDataTest" time="6.101"/>
  <testcase classname="Test.LoginPageTest" name="validLoginPageWithXlsxDataTest" time="8.695"/>
  <testcase classname="Test.LoginPageTest" name="validateInvalidLoginCred" time="2.184">
    <failure type="java.lang.AssertionError" message="expected [password that you&amp;apos;ve entered is incorrect. Forgotten password?] but found [The email address or mobile number you entered isn&amp;apos;t connected to an account. Find your account and log in.]">
      <![CDATA[java.lang.AssertionError: expected [password that you've entered is incorrect. Forgotten password?] but found [The email address or mobile number you entered isn't connected to an account. Find your account and log in.]
at Test.LoginPageTest.validateInvalidLoginCred(LoginPageTest.java:85)
at java.base/java.util.ArrayList.forEach(ArrayList.java:1511)
... Removed 32 stack frames]]>
    </failure>
  </testcase> <!-- validateInvalidLoginCred -->
  <testcase classname="Test.Browser" name="Login" time="1.623"/>
</testsuite> <!-- Test -->
