<?xml version="1.0" encoding="UTF-8"?>
<!-- Generated by org.testng.reporters.JUnitXMLReporter -->
<testsuite ignored="0" hostname="DESKTOP-J77L1O0" failures="0" tests="3" name="Default test" time="54.966" errors="0" timestamp="2022-09-29T09:14:48 IST">
  <testcase classname="Test.LoginPageTest" name="validLoginPagewithConfigDataTest" time="6.044"/>
  <testcase classname="Test.LoginPageTest" name="validLoginPageWithXlsxDataTest" time="6.488"/>
  <testcase classname="Test.LoginPageTest" name="validateInvalidLoginCred" time="3.677"/>
</testsuite> <!-- Default test -->
