<?xml version="1.0" encoding="UTF-8"?>
<!-- Generated by org.testng.reporters.JUnitXMLReporter -->
<testsuite ignored="0" hostname="DESKTOP-J77L1O0" failures="0" tests="10" name="Test" time="116.998" errors="0" timestamp="2022-09-28T21:54:39 IST">
  <testcase classname="Test.TestAnnotations" name="test2" time="0.009"/>
  <testcase classname="Test.TestAnnotations" name="test3" time="0.005"/>
  <testcase classname="Test.TestAnnotations" name="test3" time="0.008"/>
  <testcase classname="Test.TestAnnotations" name="test" time="0.003"/>
  <testcase classname="Test.WatchVideoTest" name="WatchPost" time="10.372"/>
  <testcase classname="Test.FindFriendTest" name="FriendFindPost" time="7.618"/>
  <testcase classname="Test.LoginPageTest" name="validLoginPagewithConfigDataTest" time="6.449"/>
  <testcase classname="Test.LoginPageTest" name="validLoginPageWithXlsxDataTest" time="9.216"/>
  <testcase classname="Test.LoginPageTest" name="validateInvalidLoginCred" time="3.712"/>
  <testcase classname="Test.Browser" name="Login" time="1.95"/>
</testsuite> <!-- Test -->
